<?xml version="1.0" encoding="UTF-8"?>
<!-- Generated by org.testng.reporters.JUnitReportReporter -->
<testsuite hostname="DESKTOP-FQU75EK" failures="0" tests="1" name="selenium.TestSelenium" time="2.076" errors="0" timestamp="2022-11-28T14:51:28 CET" skipped="0">
  <testcase classname="selenium.TestSelenium" name="TestApp" time="2.076"/>
  <system-out/>
</testsuite> <!-- selenium.TestSelenium -->
